This is pdfTeX, Version 3.141592653-2.6-1.40.23 (MiKTeX 21.10) (preloaded format=pdflatex 2021.10.30)  5 APR 2022 14:14
entering extended mode
**"c:/Users/Ian Cheung/VelaTwins/report/report.tex"
(c:/Users/Ian Cheung/VelaTwins/report/report.tex
LaTeX2e <2021-06-01> patch level 1
L3 programming layer <2021-10-18> (C:\Users\Ian Cheung\AppData\Local\Programs\MiKTeX\tex/latex/base\article.cls
Document Class: article 2021/02/12 v1.4n Standard LaTeX document class
(C:\Users\Ian Cheung\AppData\Local\Programs\MiKTeX\tex/latex/base\size10.clo
File: size10.clo 2021/02/12 v1.4n Standard LaTeX file (size option)
)
\c@part=\count182
\c@section=\count183
\c@subsection=\count184
\c@subsubsection=\count185
\c@paragraph=\count186
\c@subparagraph=\count187
\c@figure=\count188
\c@table=\count189
\abovecaptionskip=\skip47
\belowcaptionskip=\skip48
\bibindent=\dimen138
) (C:\Users\Ian Cheung\AppData\Local\Programs\MiKTeX\tex/latex/geometry\geometry.sty
Package: geometry 2020/01/02 v5.9 Page Geometry
 (C:\Users\Ian Cheung\AppData\Local\Programs\MiKTeX\tex/latex/graphics\keyval.sty
Package: keyval 2014/10/28 v1.15 key=value parser (DPC)
\KV@toks@=\toks16
) (C:\Users\Ian Cheung\AppData\Local\Programs\MiKTeX\tex/generic/iftex\ifvtex.sty
Package: ifvtex 2019/10/25 v1.7 ifvtex legacy package. Use iftex instead.
 (C:\Users\Ian Cheung\AppData\Local\Programs\MiKTeX\tex/generic/iftex\iftex.sty
Package: iftex 2020/03/06 v1.0d TeX engine tests
))
\Gm@cnth=\count190
\Gm@cntv=\count191
\c@Gm@tempcnt=\count192
\Gm@bindingoffset=\dimen139
\Gm@wd@mp=\dimen140
\Gm@odd@mp=\dimen141
\Gm@even@mp=\dimen142
\Gm@layoutwidth=\dimen143
\Gm@layoutheight=\dimen144
\Gm@layouthoffset=\dimen145
\Gm@layoutvoffset=\dimen146
\Gm@dimlist=\toks17
 (C:\Users\Ian Cheung\AppData\Local\Programs\MiKTeX\tex/latex/geometry\geometry.cfg)

Package geometry Warning: `tmargin' and `bmargin' result in NEGATIVE (-239.00314pt).
    `height' should be shortened in length.

) (C:\Users\Ian Cheung\AppData\Local\Programs\MiKTeX\tex/latex/siunitx\siunitx.sty
Package: siunitx 2021-06-24 v3.0.16 A comprehensive (SI) units package
\l__siunitx_angle_tmp_dim=\dimen147
\l__siunitx_angle_marker_box=\box50
\l__siunitx_angle_unit_box=\box51
\l__siunitx_compound_count_int=\count193
 (C:\Users\Ian Cheung\AppData\Local\Programs\MiKTeX\tex/latex/translations\translations.sty
Package: translations 2021/01/17 v1.10a internationalization of LaTeX2e packages (CN)
 (C:\Users\Ian Cheung\AppData\Local\Programs\MiKTeX\tex/latex/etoolbox\etoolbox.sty
Package: etoolbox 2020/10/05 v2.5k e-TeX tools for LaTeX (JAW)
\etb@tempcnta=\count194
) (C:\Users\Ian Cheung\AppData\Local\Programs\MiKTeX\tex/generic/pdftexcmds\pdftexcmds.sty
Package: pdftexcmds 2020-06-27 v0.33 Utility functions of pdfTeX for LuaTeX (HO)
 (C:\Users\Ian Cheung\AppData\Local\Programs\MiKTeX\tex/generic/infwarerr\infwarerr.sty
Package: infwarerr 2019/12/03 v1.5 Providing info/warning/error messages (HO)
) (C:\Users\Ian Cheung\AppData\Local\Programs\MiKTeX\tex/generic/ltxcmds\ltxcmds.sty
Package: ltxcmds 2020-05-10 v1.25 LaTeX kernel commands for general use (HO)
)
Package pdftexcmds Info: \pdf@primitive is available.
Package pdftexcmds Info: \pdf@ifprimitive is available.
Package pdftexcmds Info: \pdfdraftmode found.
))
\l__siunitx_number_exponent_fixed_int=\count195
\l__siunitx_number_min_decimal_int=\count196
\l__siunitx_number_min_integer_int=\count197
\l__siunitx_number_round_precision_int=\count198
\l__siunitx_number_group_minimum_int=\count199
 (C:\Users\Ian Cheung\AppData\Local\Programs\MiKTeX\tex/latex/amsmath\amstext.sty
Package: amstext 2000/06/29 v2.01 AMS text
 (C:\Users\Ian Cheung\AppData\Local\Programs\MiKTeX\tex/latex/amsmath\amsgen.sty
File: amsgen.sty 1999/11/30 v2.0 generic functions
\@emptytoks=\toks18
\ex@=\dimen148
)) (C:\Users\Ian Cheung\AppData\Local\Programs\MiKTeX\tex/latex/graphics\color.sty
Package: color 2020/02/24 v1.2b Standard LaTeX Color (DPC)
 (C:\Users\Ian Cheung\AppData\Local\Programs\MiKTeX\tex/latex/graphics-cfg\color.cfg
File: color.cfg 2016/01/02 v1.6 sample color configuration
)
Package color Info: Driver file: pdftex.def on input line 149.
 (C:\Users\Ian Cheung\AppData\Local\Programs\MiKTeX\tex/latex/graphics-def\pdftex.def
File: pdftex.def 2020/10/05 v1.2a Graphics/color driver for pdftex
))
\l__siunitx_table_tmp_box=\box52
\l__siunitx_table_tmp_dim=\dimen149
\l__siunitx_table_column_width_dim=\dimen150
\l__siunitx_table_integer_box=\box53
\l__siunitx_table_decimal_box=\box54
\l__siunitx_table_before_box=\box55
\l__siunitx_table_after_box=\box56
\l__siunitx_table_before_dim=\dimen151
\l__siunitx_table_carry_dim=\dimen152
\l__siunitx_unit_tmp_int=\count266
\l__siunitx_unit_position_int=\count267
\l__siunitx_unit_total_int=\count268
 (C:\Users\Ian Cheung\AppData\Local\Programs\MiKTeX\tex/latex/l3packages/l3keys2e\l3keys2e.sty (C:\Users\Ian Cheung\AppData\Local\Programs\MiKTeX\tex/latex/l3kernel\expl3.sty
Package: expl3 2021-10-18 L3 programming layer (loader) 
 (C:\Users\Ian Cheung\AppData\Local\Programs\MiKTeX\tex/latex/l3backend\l3backend-pdftex.def
File: l3backend-pdftex.def 2021-10-18 L3 backend support: PDF output (pdfTeX)
\l__color_backend_stack_int=\count269
\l__pdf_internal_box=\box57
))
Package: l3keys2e 2021-08-27 LaTeX2e option processing using LaTeX3 keys
) (C:\Users\Ian Cheung\AppData\Local\Programs\MiKTeX\tex/latex/tools\array.sty
Package: array 2021/04/20 v2.5e Tabular extension package (FMi)
\col@sep=\dimen153
\ar@mcellbox=\box58
\extrarowheight=\dimen154
\NC@list=\toks19
\extratabsurround=\skip49
\backup@length=\skip50
\ar@cellbox=\box59
)) (C:\Users\Ian Cheung\AppData\Local\Programs\MiKTeX\tex/latex/physics\physics.sty
Package: physics 
 (C:\Users\Ian Cheung\AppData\Local\Programs\MiKTeX\tex/latex/l3packages/xparse\xparse.sty
Package: xparse 2021-08-27 L3 Experimental document command parser
) (C:\Users\Ian Cheung\AppData\Local\Programs\MiKTeX\tex/latex/amsmath\amsmath.sty
Package: amsmath 2021/04/20 v2.17j AMS math features
\@mathmargin=\skip51

For additional information on amsmath, use the `?' option.
(C:\Users\Ian Cheung\AppData\Local\Programs\MiKTeX\tex/latex/amsmath\amsbsy.sty
Package: amsbsy 1999/11/29 v1.2d Bold Symbols
\pmbraise@=\dimen155
) (C:\Users\Ian Cheung\AppData\Local\Programs\MiKTeX\tex/latex/amsmath\amsopn.sty
Package: amsopn 2016/03/08 v2.02 operator names
)
\inf@bad=\count270
LaTeX Info: Redefining \frac on input line 234.
\uproot@=\count271
\leftroot@=\count272
LaTeX Info: Redefining \overline on input line 399.
\classnum@=\count273
\DOTSCASE@=\count274
LaTeX Info: Redefining \ldots on input line 496.
LaTeX Info: Redefining \dots on input line 499.
LaTeX Info: Redefining \cdots on input line 620.
\Mathstrutbox@=\box60
\strutbox@=\box61
\big@size=\dimen156
LaTeX Font Info:    Redeclaring font encoding OML on input line 743.
LaTeX Font Info:    Redeclaring font encoding OMS on input line 744.
\macc@depth=\count275
\c@MaxMatrixCols=\count276
\dotsspace@=\muskip16
\c@parentequation=\count277
\dspbrk@lvl=\count278
\tag@help=\toks20
\row@=\count279
\column@=\count280
\maxfields@=\count281
\andhelp@=\toks21
\eqnshift@=\dimen157
\alignsep@=\dimen158
\tagshift@=\dimen159
\tagwidth@=\dimen160
\totwidth@=\dimen161
\lineht@=\dimen162
\@envbody=\toks22
\multlinegap=\skip52
\multlinetaggap=\skip53
\mathdisplay@stack=\toks23
LaTeX Info: Redefining \[ on input line 2923.
LaTeX Info: Redefining \] on input line 2924.
)) (C:\Users\Ian Cheung\AppData\Local\Programs\MiKTeX\tex/latex/amsfonts\amssymb.sty
Package: amssymb 2013/01/14 v3.01 AMS font symbols
 (C:\Users\Ian Cheung\AppData\Local\Programs\MiKTeX\tex/latex/amsfonts\amsfonts.sty
Package: amsfonts 2013/01/14 v3.01 Basic AMSFonts support
\symAMSa=\mathgroup4
\symAMSb=\mathgroup5
LaTeX Font Info:    Redeclaring math symbol \hbar on input line 98.
LaTeX Font Info:    Overwriting math alphabet `\mathfrak' in version `bold'
(Font)                  U/euf/m/n --> U/euf/b/n on input line 106.
)) (C:\Users\Ian Cheung\AppData\Local\Programs\MiKTeX\tex/latex/listings\listings.sty
\lst@mode=\count282
\lst@gtempboxa=\box62
\lst@token=\toks24
\lst@length=\count283
\lst@currlwidth=\dimen163
\lst@column=\count284
\lst@pos=\count285
\lst@lostspace=\dimen164
\lst@width=\dimen165
\lst@newlines=\count286
\lst@lineno=\count287
\lst@maxwidth=\dimen166
 (C:\Users\Ian Cheung\AppData\Local\Programs\MiKTeX\tex/latex/listings\lstmisc.sty
File: lstmisc.sty 2020/03/24 1.8d (Carsten Heinz)
\c@lstnumber=\count288
\lst@skipnumbers=\count289
\lst@framebox=\box63
) (C:\Users\Ian Cheung\AppData\Local\Programs\MiKTeX\tex/latex/listings\listings.cfg
File: listings.cfg 2020/03/24 1.8d listings configuration
))
Package: listings 2020/03/24 1.8d (Carsten Heinz)
 (C:\Users\Ian Cheung\AppData\Local\Programs\MiKTeX\tex/latex/hyperref\hyperref.sty
Package: hyperref 2021-06-07 v7.00m Hypertext links for LaTeX
 (C:\Users\Ian Cheung\AppData\Local\Programs\MiKTeX\tex/generic/kvsetkeys\kvsetkeys.sty
Package: kvsetkeys 2019/12/15 v1.18 Key value parser (HO)
) (C:\Users\Ian Cheung\AppData\Local\Programs\MiKTeX\tex/generic/kvdefinekeys\kvdefinekeys.sty
Package: kvdefinekeys 2019-12-19 v1.6 Define keys (HO)
) (C:\Users\Ian Cheung\AppData\Local\Programs\MiKTeX\tex/generic/pdfescape\pdfescape.sty
Package: pdfescape 2019/12/09 v1.15 Implements pdfTeX's escape features (HO)
) (C:\Users\Ian Cheung\AppData\Local\Programs\MiKTeX\tex/latex/hycolor\hycolor.sty
Package: hycolor 2020-01-27 v1.10 Color options for hyperref/bookmark (HO)
) (C:\Users\Ian Cheung\AppData\Local\Programs\MiKTeX\tex/latex/letltxmacro\letltxmacro.sty
Package: letltxmacro 2019/12/03 v1.6 Let assignment for LaTeX macros (HO)
) (C:\Users\Ian Cheung\AppData\Local\Programs\MiKTeX\tex/latex/auxhook\auxhook.sty
Package: auxhook 2019-12-17 v1.6 Hooks for auxiliary files (HO)
) (C:\Users\Ian Cheung\AppData\Local\Programs\MiKTeX\tex/latex/kvoptions\kvoptions.sty
Package: kvoptions 2020-10-07 v3.14 Key value format for package options (HO)
)
\@linkdim=\dimen167
\Hy@linkcounter=\count290
\Hy@pagecounter=\count291
 (C:\Users\Ian Cheung\AppData\Local\Programs\MiKTeX\tex/latex/hyperref\pd1enc.def
File: pd1enc.def 2021-06-07 v7.00m Hyperref: PDFDocEncoding definition (HO)
Now handling font encoding PD1 ...
... no UTF-8 mapping file for font encoding PD1
) (C:\Users\Ian Cheung\AppData\Local\Programs\MiKTeX\tex/latex/hyperref\hyperref-langpatches.def
File: hyperref-langpatches.def 2021-06-07 v7.00m Hyperref: patches for babel languages
) (C:\Users\Ian Cheung\AppData\Local\Programs\MiKTeX\tex/generic/intcalc\intcalc.sty
Package: intcalc 2019/12/15 v1.3 Expandable calculations with integers (HO)
) (C:\Users\Ian Cheung\AppData\Local\Programs\MiKTeX\tex/generic/etexcmds\etexcmds.sty
Package: etexcmds 2019/12/15 v1.7 Avoid name clashes with e-TeX commands (HO)
)
\Hy@SavedSpaceFactor=\count292
 (C:\Users\Ian Cheung\AppData\Local\Programs\MiKTeX\tex/latex/hyperref\puenc.def
File: puenc.def 2021-06-07 v7.00m Hyperref: PDF Unicode definition (HO)
Now handling font encoding PU ...
... no UTF-8 mapping file for font encoding PU
)
Package hyperref Info: Hyper figures OFF on input line 4192.
Package hyperref Info: Link nesting OFF on input line 4197.
Package hyperref Info: Hyper index ON on input line 4200.
Package hyperref Info: Plain pages OFF on input line 4207.
Package hyperref Info: Backreferencing OFF on input line 4212.
Package hyperref Info: Implicit mode ON; LaTeX internals redefined.
Package hyperref Info: Bookmarks ON on input line 4445.
\c@Hy@tempcnt=\count293
 (C:\Users\Ian Cheung\AppData\Local\Programs\MiKTeX\tex/latex/url\url.sty
\Urlmuskip=\muskip17
Package: url 2013/09/16  ver 3.4  Verb mode for urls, etc.
)
LaTeX Info: Redefining \url on input line 4804.
\XeTeXLinkMargin=\dimen168
 (C:\Users\Ian Cheung\AppData\Local\Programs\MiKTeX\tex/generic/bitset\bitset.sty
Package: bitset 2019/12/09 v1.3 Handle bit-vector datatype (HO)
 (C:\Users\Ian Cheung\AppData\Local\Programs\MiKTeX\tex/generic/bigintcalc\bigintcalc.sty
Package: bigintcalc 2019/12/15 v1.5 Expandable calculations on big integers (HO)
))
\Fld@menulength=\count294
\Field@Width=\dimen169
\Fld@charsize=\dimen170
Package hyperref Info: Hyper figures OFF on input line 6076.
Package hyperref Info: Link nesting OFF on input line 6081.
Package hyperref Info: Hyper index ON on input line 6084.
Package hyperref Info: backreferencing OFF on input line 6091.
Package hyperref Info: Link coloring OFF on input line 6096.
Package hyperref Info: Link coloring with OCG OFF on input line 6101.
Package hyperref Info: PDF/A mode OFF on input line 6106.
LaTeX Info: Redefining \ref on input line 6146.
LaTeX Info: Redefining \pageref on input line 6150.
 (C:\Users\Ian Cheung\AppData\Local\Programs\MiKTeX\tex/latex/base\atbegshi-ltx.sty
Package: atbegshi-ltx 2021/01/10 v1.0c Emulation of the original atbegshi
package with kernel methods
)
\Hy@abspage=\count295
\c@Item=\count296
\c@Hfootnote=\count297
)
Package hyperref Info: Driver (autodetected): hpdftex.
 (C:\Users\Ian Cheung\AppData\Local\Programs\MiKTeX\tex/latex/hyperref\hpdftex.def
File: hpdftex.def 2021-06-07 v7.00m Hyperref driver for pdfTeX
 (C:\Users\Ian Cheung\AppData\Local\Programs\MiKTeX\tex/latex/base\atveryend-ltx.sty
Package: atveryend-ltx 2020/08/19 v1.0a Emulation of the original atvery package
with kernel methods
)
\Fld@listcount=\count298
\c@bookmark@seq@number=\count299
 (C:\Users\Ian Cheung\AppData\Local\Programs\MiKTeX\tex/latex/rerunfilecheck\rerunfilecheck.sty
Package: rerunfilecheck 2019/12/05 v1.9 Rerun checks for auxiliary files (HO)
 (C:\Users\Ian Cheung\AppData\Local\Programs\MiKTeX\tex/generic/uniquecounter\uniquecounter.sty
Package: uniquecounter 2019/12/15 v1.4 Provide unlimited unique counter (HO)
)
Package uniquecounter Info: New unique counter `rerunfilecheck' on input line 286.
)
\Hy@SectionHShift=\skip54
) (C:\Users\Ian Cheung\AppData\Local\Programs\MiKTeX\tex/latex/titling\titling.sty
Package: titling 2009/09/04 v2.1d maketitle typesetting
\thanksmarkwidth=\skip55
\thanksmargin=\skip56
\droptitle=\skip57
) (C:\Users\Ian Cheung\AppData\Local\Programs\MiKTeX\tex/latex/graphics\epsfig.sty
Package: epsfig 2017/06/25 v1.7b (e)psfig emulation (SPQR)
 (C:\Users\Ian Cheung\AppData\Local\Programs\MiKTeX\tex/latex/graphics\graphicx.sty
Package: graphicx 2020/12/05 v1.2c Enhanced LaTeX Graphics (DPC,SPQR)
 (C:\Users\Ian Cheung\AppData\Local\Programs\MiKTeX\tex/latex/graphics\graphics.sty
Package: graphics 2021/03/04 v1.4d Standard LaTeX Graphics (DPC,SPQR)
 (C:\Users\Ian Cheung\AppData\Local\Programs\MiKTeX\tex/latex/graphics\trig.sty
Package: trig 2016/01/03 v1.10 sin cos tan (DPC)
) (C:\Users\Ian Cheung\AppData\Local\Programs\MiKTeX\tex/latex/graphics-cfg\graphics.cfg
File: graphics.cfg 2016/06/04 v1.11 sample graphics configuration
)
Package graphics Info: Driver file: pdftex.def on input line 107.
)
\Gin@req@height=\dimen171
\Gin@req@width=\dimen172
)
\epsfxsize=\dimen173
\epsfysize=\dimen174
) (ison2022.sty) (C:\Users\Ian Cheung\AppData\Local\Programs\MiKTeX\tex/latex/listings\lstlang1.sty
File: lstlang1.sty 2020/03/24 1.8d listings language file
)
Package translations Info: No language package found. I am going to use `english' as default language. on input line 30.
 (report.aux)
\openout1 = `report.aux'.

LaTeX Font Info:    Checking defaults for OML/cmm/m/it on input line 30.
LaTeX Font Info:    ... okay on input line 30.
LaTeX Font Info:    Checking defaults for OMS/cmsy/m/n on input line 30.
LaTeX Font Info:    ... okay on input line 30.
LaTeX Font Info:    Checking defaults for OT1/cmr/m/n on input line 30.
LaTeX Font Info:    ... okay on input line 30.
LaTeX Font Info:    Checking defaults for T1/cmr/m/n on input line 30.
LaTeX Font Info:    ... okay on input line 30.
LaTeX Font Info:    Checking defaults for TS1/cmr/m/n on input line 30.
LaTeX Font Info:    ... okay on input line 30.
LaTeX Font Info:    Checking defaults for OMX/cmex/m/n on input line 30.
LaTeX Font Info:    ... okay on input line 30.
LaTeX Font Info:    Checking defaults for U/cmr/m/n on input line 30.
LaTeX Font Info:    ... okay on input line 30.
LaTeX Font Info:    Checking defaults for PD1/pdf/m/n on input line 30.
LaTeX Font Info:    ... okay on input line 30.
LaTeX Font Info:    Checking defaults for PU/pdf/m/n on input line 30.
LaTeX Font Info:    ... okay on input line 30.

*geometry* driver: auto-detecting
*geometry* detected driver: pdftex
*geometry* verbose mode - [ preamble ] result:
* driver: pdftex
* paper: a4paper
* layout: <same size as paper>
* layoutoffset:(h,v)=(0.0pt,0.0pt)
* modes: 
* h-part:(L,W,R)=(81.94394pt, 433.62pt, 81.94394pt)
* v-part:(T,H,B)=(-95.60126pt, 1084.04999pt, -143.40189pt)
* \paperwidth=597.50787pt
* \paperheight=845.04684pt
* \textwidth=497.92322pt
* \textheight=725.54527pt
* \oddsidemargin=-22.40352pt
* \evensidemargin=-22.40352pt
* \topmargin=0.0pt
* \headheight=0.0pt
* \headsep=18.0pt
* \topskip=10.0pt
* \footskip=0.0pt
* \marginparwidth=57.0pt
* \marginparsep=11.0pt
* \columnsep=22.76219pt
* \skip\footins=9.0pt plus 4.0pt minus 2.0pt
* \hoffset=0.0pt
* \voffset=-14.0pt
* \mag=1000
* \@twocolumntrue
* \@twosidefalse
* \@mparswitchfalse
* \@reversemarginfalse
* (1in=72.27pt=25.4mm, 1cm=28.453pt)

(C:\Users\Ian Cheung\AppData\Local\Programs\MiKTeX\tex/latex/translations/dicts\translations-basic-dictionary-english.trsl
File: translations-basic-dictionary-english.trsl (english translation file `translations-basic-dictionary')
)
Package translations Info: loading dictionary `translations-basic-dictionary' for `english'. on input line 30.
 (C:\Users\Ian Cheung\AppData\Local\Programs\MiKTeX\tex/context/base/mkii\supp-pdf.mkii
[Loading MPS to PDF converter (version 2006.09.02).]
\scratchcounter=\count300
\scratchdimen=\dimen175
\scratchbox=\box64
\nofMPsegments=\count301
\nofMParguments=\count302
\everyMPshowfont=\toks25
\MPscratchCnt=\count303
\MPscratchDim=\dimen176
\MPnumerator=\count304
\makeMPintoPDFobject=\count305
\everyMPtoPDFconversion=\toks26
) (C:\Users\Ian Cheung\AppData\Local\Programs\MiKTeX\tex/latex/epstopdf-pkg\epstopdf-base.sty
Package: epstopdf-base 2020-01-24 v2.11 Base part for package epstopdf
Package epstopdf-base Info: Redefining graphics rule for `.eps' on input line 485.
 (C:\Users\Ian Cheung\AppData\Local\Programs\MiKTeX\tex/latex/00miktex\epstopdf-sys.cfg
File: epstopdf-sys.cfg 2021/03/18 v2.0 Configuration of epstopdf for MiKTeX
))
\c@lstlisting=\count306
Package hyperref Info: Link coloring OFF on input line 30.
 (C:\Users\Ian Cheung\AppData\Local\Programs\MiKTeX\tex/latex/hyperref\nameref.sty
Package: nameref 2021-04-02 v2.47 Cross-referencing by name of section
 (C:\Users\Ian Cheung\AppData\Local\Programs\MiKTeX\tex/latex/refcount\refcount.sty
Package: refcount 2019/12/15 v3.6 Data extraction from label references (HO)
) (C:\Users\Ian Cheung\AppData\Local\Programs\MiKTeX\tex/generic/gettitlestring\gettitlestring.sty
Package: gettitlestring 2019/12/15 v1.6 Cleanup title references (HO)
)
\c@section@level=\count307
)
LaTeX Info: Redefining \ref on input line 30.
LaTeX Info: Redefining \pageref on input line 30.
LaTeX Info: Redefining \nameref on input line 30.
 (report.out) (report.out)
\@outlinefile=\write3
\openout3 = `report.out'.

LaTeX Font Info:    Trying to load font information for U+msa on input line 31.
 (C:\Users\Ian Cheung\AppData\Local\Programs\MiKTeX\tex/latex/amsfonts\umsa.fd
File: umsa.fd 2013/01/14 v3.01 AMS symbols A
)
LaTeX Font Info:    Trying to load font information for U+msb on input line 31.
 (C:\Users\Ian Cheung\AppData\Local\Programs\MiKTeX\tex/latex/amsfonts\umsb.fd
File: umsb.fd 2013/01/14 v3.01 AMS symbols B
) (report.toc)
\tf@toc=\write4
\openout4 = `report.toc'.


Overfull \hbox (19.64215pt too wide) in paragraph at lines 36--40
\OT1/cmr/m/n/10 When there is a win-dow of op-por-tu-nity, smart en-trepreneurs
 []

<uml.jpeg, id=28, 192.9609pt x 207.4149pt>
File: uml.jpeg Graphic file (type jpg)
<use uml.jpeg>
Package pdftex.def Info: uml.jpeg  used on input line 47.
(pdftex.def)             Requested size: 270.30118pt x 290.58142pt.

LaTeX Warning: Reference `uml' on page 1 undefined on input line 47.


LaTeX Warning: `!h' float specifier changed to `!ht'.

[1{C:/Users/Ian Cheung/AppData/Local/MiKTeX/pdftex/config/pdftex.map}



 <./uml.jpeg>] [2


] (report.aux)

LaTeX Warning: There were undefined references.

Package rerunfilecheck Info: File `report.out' has not changed.
(rerunfilecheck)             Checksum: A99E5E4939396D4BDB48FF04C959884F;544.
 ) 
Here is how much of TeX's memory you used:
 15355 strings out of 478907
 277060 string characters out of 2849485
 737908 words of memory out of 3000000
 33034 multiletter control sequences out of 15000+600000
 411340 words of font info for 58 fonts, out of 8000000 for 9000
 1141 hyphenation exceptions out of 8191
 73i,8n,81p,372b,753s stack positions out of 5000i,500n,10000p,200000b,80000s
<C:/Users/Ian Cheung/AppData/Local/Programs/MiKTeX/fonts/type1/public/amsfonts/cm/cmbx10.pfb><C:/Users/Ian Cheung/AppData/Local/Programs/MiKTeX/fonts/type1/public/amsfonts/cm/cmbx12.pfb><C:/Users/Ian Cheung/AppData/Local/Programs/MiKTeX/fonts/type1/public/amsfonts/cm/cmr10.pfb><C:/Users/Ian Cheung/AppData/Local/Programs/MiKTeX/fonts/type1/public/amsfonts/cm/cmr12.pfb><C:/Users/Ian Cheung/AppData/Local/Programs/MiKTeX/fonts/type1/public/amsfonts/cm/cmti10.pfb>
Output written on report.pdf (2 pages, 164350 bytes).
PDF statistics:
 72 PDF objects out of 1000 (max. 8388607)
 11 named destinations out of 1000 (max. 500000)
 46 words of extra memory for PDF output out of 10000 (max. 10000000)

